<?xml version="1.0" encoding="UTF-8"?>
<testsuite name="AnimalTest" tests="1" skipped="0" failures="0" errors="0" timestamp="2019-12-03T14:29:19" hostname="recruit-ThinkCentre-M73" time="0.014">
  <properties/>
  <testcase name="TestCatSound()" classname="AnimalTest" time="0.014"/>
  <system-out><![CDATA[]]></system-out>
  <system-err><![CDATA[]]></system-err>
</testsuite>
